<?xml version="1.0" encoding="UTF-8"?>
<testsuite xmlns:xsi="http://www.w3.org/2001/XMLSchema-instance" xsi:noNamespaceSchemaLocation="https://maven.apache.org/surefire/maven-surefire-plugin/xsd/surefire-test-report.xsd" name="com.java.rollercoaster.service.CommentServiceTest" time="0.005" tests="6" errors="0" skipped="0" failures="0">
  <properties>
[...]
</properties>
  <testcase name="deleteCommentTest" classname="com.java.rollercoaster.service.CommentServiceTest" time="0"/>
  <testcase name="notLoginTest" classname="com.java.rollercoaster.service.CommentServiceTest" time="0"/>
  <testcase name="addCommentTest" classname="com.java.rollercoaster.service.CommentServiceTest" time="0"/>
  <testcase name="showCommentsTest" classname="com.java.rollercoaster.service.CommentServiceTest" time="0"/>
  <testcase name="invalidDeletionTest" classname="com.java.rollercoaster.service.CommentServiceTest" time="0"/>
  <testcase name="inValidCommentTest" classname="com.java.rollercoaster.service.CommentServiceTest" time="0"/>
</testsuite>